<?xml version="1.0" encoding="UTF-8"?>
<testng-results ignored="0" total="1" passed="1" failed="0" skipped="0">
  <reporter-output>
  </reporter-output>
  <suite started-at="2026-01-07T21:24:50 IST" name="Suite" finished-at="2026-01-07T21:24:57 IST" duration-ms="6657">
    <groups>
    </groups>
    <test started-at="2026-01-07T21:24:50 IST" name="Test" finished-at="2026-01-07T21:24:57 IST" duration-ms="6657">
      <class name="test.Browsertest">
        <test-method signature="main()[pri:0, instance:test.Browsertest@7bab3f1a]" started-at="2026-01-07T21:24:50 IST" name="main" finished-at="2026-01-07T21:24:57 IST" duration-ms="6599" status="PASS">
          <reporter-output>
          </reporter-output>
        </test-method> <!-- main -->
      </class> <!-- test.Browsertest -->
    </test> <!-- Test -->
  </suite> <!-- Suite -->
</testng-results>
