<?xml version="1.0" encoding="UTF-8"?>
<testng-results ignored="0" total="1" passed="1" failed="0" skipped="0">
  <reporter-output>
  </reporter-output>
  <suite started-at="2026-01-07T21:14:55 IST" name="Default suite" finished-at="2026-01-07T21:15:07 IST" duration-ms="11926">
    <groups>
    </groups>
    <test started-at="2026-01-07T21:14:55 IST" name="Default test" finished-at="2026-01-07T21:15:07 IST" duration-ms="11926">
      <class name="test.Browsertest">
        <test-method signature="main()[pri:0, instance:test.Browsertest@7bab3f1a]" started-at="2026-01-07T21:14:55 IST" name="main" finished-at="2026-01-07T21:15:07 IST" duration-ms="11857" status="PASS">
          <reporter-output>
          </reporter-output>
        </test-method> <!-- main -->
      </class> <!-- test.Browsertest -->
    </test> <!-- Default test -->
  </suite> <!-- Default suite -->
</testng-results>
